[16:13:08 WARN] : [服务器]失败:服务器已经被关闭
[16:13:12 INFO] : [服务器]正在创建服务器连接...
[16:13:12 INFO] : [服务器]开始监听端口：23333
[16:13:13 INFO] : [服务器]关闭监听端口：23333
[16:13:13 INFO] : [线程]AbortRequested
[16:13:15 WARN] : [服务器]失败:服务器已经被关闭
[16:13:16 WARN] : [服务器]失败:服务器已经被关闭
[16:15:49 INFO] : [服务器]正在创建服务器连接...
[16:15:49 INFO] : [服务器]开始监听端口：23333
[16:15:59 INFO] : [服务器]关闭监听端口：23333
[16:15:59 INFO] : [线程]AbortRequested
[16:16:01 WARN] : [服务器]失败:服务器已经被关闭
[16:44:02 INFO] : [服务器]正在创建服务器连接...
[16:44:02 INFO] : [服务器]开始监听端口：23333
[16:44:04 INFO] : [服务器]关闭监听端口：23333
[16:44:04 INFO] : [线程]AbortRequested
[16:44:22 INFO] : [服务器]正在创建服务器连接...
[16:44:22 INFO] : [服务器]开始监听端口：23333
[16:44:24 INFO] : [服务器]正在创建服务器连接...
[16:44:24 WARN] : [服务器]服务器创建失败:服务器已经被创建
[16:44:36 INFO] : [服务器]关闭监听端口：23333
[16:44:36 INFO] : [线程]AbortRequested
[16:44:37 INFO] : [服务器]正在创建服务器连接...
[16:44:58 INFO] : [服务器]开始监听端口：23333
[16:45:01 INFO] : [服务器]关闭监听端口：23333
[16:45:01 INFO] : [线程]AbortRequested
